2020-12-10 10:00:30 e720 [INFO] SERVER HAS STARTED
2020-12-10 10:00:37 e720 [DEBUG] EMP AAA HAS LOGGED IN
2020-12-10 10:03:04 e720 [INFO] SERVER HAS STARTED
2020-12-10 10:04:46 e720 [INFO] SERVER HAS STARTED
2020-12-10 10:04:49 e720 [DEBUG] EMP AAA HAS LOGGED IN
2020-12-10 10:06:03 e720 [INFO] SERVER HAS STARTED
2020-12-10 10:06:55 e720 [INFO] SERVER HAS STARTED
2020-12-10 10:06:58 e720 [DEBUG] EMP AAA HAS LOGGED IN
2020-12-10 10:08:33 e720 [INFO] SERVER HAS STARTED
2020-12-10 10:08:37 e720 [DEBUG] EMP AAA HAS LOGGED IN
2020-12-10 10:10:13 e720 [INFO] SERVER HAS STARTED
2020-12-10 10:10:16 e720 [DEBUG] EMP AAA HAS LOGGED IN
2020-12-10 10:35:56 e720 [INFO] SERVER HAS STARTED
2020-12-10 10:35:59 e720 [DEBUG] EMP AAA HAS LOGGED IN
2020-12-10 10:38:37 e720 [INFO] SERVER HAS STARTED
2020-12-10 10:38:41 e720 [DEBUG] EMP AAA HAS LOGGED IN
2020-12-10 11:16:34 e720 [INFO] SERVER HAS STARTED
2020-12-10 11:17:15 e720 [INFO] SERVER HAS STARTED
2020-12-10 11:17:27 e720 [INFO] SERVER HAS STARTED
2020-12-10 11:18:16 e720 [DEBUG] NEW ACCOUNT CREATED[ID:6, RRN:900214, NAME:Jinyeong Kim, DEPOSIT:100.0
2020-12-10 11:35:57 e720 [INFO] SERVER HAS STARTED
2020-12-10 11:38:53 e720 [INFO] SERVER HAS STARTED
2020-12-10 11:39:10 e720 [DEBUG] NEW ACCOUNT CREATED[ACCOUNT ID:6, ID:jinyoung453, NAME:Jinyeong Kim, DEPOSIT:100.0
2020-12-10 14:00:49 e720 [INFO] SERVER HAS STARTED
2020-12-10 14:00:56 e720 [DEBUG] EMP2 BBB HAS LOGGED IN
2020-12-10 14:02:31 e720 [INFO] SERVER HAS STARTED
2020-12-10 14:04:03 e720 [INFO] SERVER HAS STARTED
2020-12-10 14:05:03 e720 [INFO] SERVER HAS STARTED
2020-12-10 14:16:14 e720 [INFO] SERVER HAS STARTED
2020-12-10 14:18:31 e720 [INFO] SERVER HAS STARTED
2020-12-10 14:20:04 e720 [INFO] SERVER HAS STARTED
2020-12-10 14:20:19 e720 [INFO] SERVER HAS STARTED
2020-12-10 16:37:34 e720 [INFO] SERVER HAS STARTED
2020-12-10 16:37:46 e720 [DEBUG] EMP2 BBB HAS LOGGED IN
2020-12-10 16:39:44 e720 [INFO] SERVER HAS STARTED
2020-12-10 17:04:44 e720 [INFO] SERVER HAS STARTED
2020-12-10 19:46:02 e720 [INFO] SERVER HAS STARTED
2020-12-10 19:46:08 e720 [DEBUG] EMP AAA HAS LOGGED IN
2020-12-10 19:46:47 e720 [INFO] SERVER HAS STARTED
2020-12-10 19:46:52 e720 [DEBUG] EMP2 BBB HAS LOGGED IN
2020-12-10 19:48:36 e720 [INFO] SERVER HAS STARTED
2020-12-10 19:48:43 e720 [DEBUG] EMP2 BBB HAS LOGGED IN
2020-12-10 19:49:08 e720 [INFO] SERVER HAS STARTED
2020-12-10 19:49:12 e720 [DEBUG] EMP AAA HAS LOGGED IN
2020-12-10 19:49:27 e720 [INFO] SERVER HAS STARTED
2020-12-10 19:49:30 e720 [DEBUG] EMP2 BBB HAS LOGGED IN
2020-12-10 19:50:05 e720 [INFO] SERVER HAS STARTED
2020-12-10 19:50:11 e720 [DEBUG] EMP2 BBB HAS LOGGED IN
2020-12-10 19:50:32 e720 [INFO] SERVER HAS STARTED
2020-12-10 19:50:37 e720 [DEBUG] EMP2 BBB HAS LOGGED IN
2020-12-10 19:51:40 e720 [INFO] SERVER HAS STARTED
2020-12-10 19:51:44 e720 [DEBUG] EMP2 BBB HAS LOGGED IN
2020-12-10 19:52:00 e720 [INFO] SERVER HAS STARTED
2020-12-10 19:52:07 e720 [DEBUG] EMP2 BBB HAS LOGGED IN
2020-12-10 19:56:51 e720 [INFO] SERVER HAS STARTED
2020-12-10 19:56:57 e720 [DEBUG] EMP AAA HAS LOGGED IN
2020-12-10 19:58:04 e720 [INFO] SERVER HAS STARTED
2020-12-10 19:58:08 e720 [DEBUG] EMP2 BBB HAS LOGGED IN
2020-12-10 19:59:15 e720 [INFO] SERVER HAS STARTED
2020-12-10 19:59:19 e720 [DEBUG] EMP2 BBB HAS LOGGED IN
2020-12-10 20:00:35 e720 [INFO] SERVER HAS STARTED
2020-12-10 20:00:39 e720 [DEBUG] EMP2 BBB HAS LOGGED IN
2020-12-10 20:02:50 e720 [INFO] SERVER HAS STARTED
2020-12-10 20:02:53 e720 [DEBUG] EMP2 BBB HAS LOGGED IN
2020-12-10 20:03:40 e720 [INFO] SERVER HAS STARTED
2020-12-10 20:03:43 e720 [DEBUG] EMP2 BBB HAS LOGGED IN
2020-12-10 20:04:07 e720 [DEBUG] NEW ACCOUNT CREATED[ACCOUNT ID:4, NAME:jj yy, DEPOSIT:100.0
2020-12-10 20:15:20 e720 [INFO] SERVER HAS STARTED
2020-12-10 20:19:55 e720 [INFO] SERVER HAS STARTED
2020-12-10 20:20:10 e720 [INFO] SERVER HAS STARTED
2020-12-10 20:20:53 e720 [INFO] SERVER HAS STARTED
2020-12-10 20:21:19 e720 [INFO] SERVER HAS STARTED
2020-12-10 20:44:50 e720 [INFO] SERVER HAS STARTED
2020-12-10 20:45:42 e720 [DEBUG] NEW ACCOUNT CREATED[ACCOUNT ID:4, NAME:jj yyy, DEPOSIT:100.0
2020-12-10 20:46:04 e720 [DEBUG] Ryan Hong HAS LOGGED IN
2020-12-10 20:48:22 e720 [INFO] SERVER HAS STARTED
2020-12-10 20:48:28 e720 [INFO] SERVER HAS STARTED
2020-12-10 20:49:01 e720 [INFO] SERVER HAS STARTED
2020-12-10 20:49:26 e720 [DEBUG] Ryan Hong HAS LOGGED IN
2020-12-10 20:50:04 e720 [INFO] SERVER HAS STARTED
2020-12-10 21:11:05 e720 [INFO] SERVER HAS STARTED
2020-12-10 21:11:28 e720 [DEBUG] Ryan Hong HAS LOGGED IN
2020-12-10 21:11:45 e720 [INFO] Ryan Hong HAS DEPOSITED
2020-12-10 21:16:28 e720 [INFO] SERVER HAS STARTED
2020-12-10 21:16:37 e720 [DEBUG] Ryan Hong HAS LOGGED IN
2020-12-10 21:17:01 e720 [DEBUG] EMP AAA HAS LOGGED IN
2020-12-10 21:22:16 e720 [INFO] SERVER HAS STARTED
2020-12-10 21:22:21 e720 [DEBUG] EMP AAA HAS LOGGED IN
2020-12-10 21:27:27 e720 [INFO] SERVER HAS STARTED
2020-12-10 21:27:39 e720 [DEBUG] EMP AAA HAS LOGGED IN
2020-12-10 21:27:53 e720 [INFO] ACCOUNT ID(1) IS ACTIVATED
2020-12-10 21:28:00 e720 [INFO] ACCOUNT ID(1) IS ACTIVATED
2020-12-10 21:28:18 e720 [INFO] ACCOUNT ID(1) IS ACTIVATED
2020-12-10 21:28:57 e720 [INFO] SERVER HAS STARTED
2020-12-10 21:29:03 e720 [DEBUG] EMP AAA HAS LOGGED IN
2020-12-10 21:29:11 e720 [INFO] ACCOUNT ID(1) IS ACTIVATED
2020-12-10 21:31:42 e720 [INFO] SERVER HAS STARTED
2020-12-10 21:31:46 e720 [DEBUG] EMP2 BBB HAS LOGGED IN
2020-12-10 21:31:58 e720 [INFO] ACCOUNT ID(1) IS ACTIVATED
2020-12-10 21:33:00 e720 [INFO] SERVER HAS STARTED
2020-12-10 21:33:03 e720 [DEBUG] EMP2 BBB HAS LOGGED IN
2020-12-10 21:33:10 e720 [INFO] ACCOUNT ID(1) IS ACTIVATED
2020-12-10 21:46:32 e720 [INFO] SERVER HAS STARTED
2020-12-10 21:46:39 e720 [DEBUG] EMP2 BBB HAS LOGGED IN
2020-12-10 21:47:58 e720 [INFO] SERVER HAS STARTED
2020-12-10 21:48:02 e720 [DEBUG] EMP2 BBB HAS LOGGED IN
2020-12-10 21:48:39 e720 [DEBUG] Jain Kim HAS LOGGED IN
2020-12-10 21:53:35 e720 [INFO] SERVER HAS STARTED
2020-12-10 21:53:39 e720 [DEBUG] EMP2 BBB HAS LOGGED IN
2020-12-10 22:05:07 e720 [INFO] SERVER HAS STARTED
2020-12-10 22:05:10 e720 [DEBUG] EMP2 BBB HAS LOGGED IN
2020-12-10 22:08:05 e720 [INFO] SERVER HAS STARTED
2020-12-10 22:08:08 e720 [DEBUG] EMP2 BBB HAS LOGGED IN
2020-12-10 22:09:54 e720 [INFO] SERVER HAS STARTED
2020-12-10 22:09:58 e720 [DEBUG] EMP2 BBB HAS LOGGED IN
2020-12-10 22:10:02 e720 [INFO] ACCOUNT ID(1) IS ACTIVATED
2020-12-10 22:10:02 e720 [INFO] ACCOUNT ID(2) IS ACTIVATED
2020-12-10 22:10:02 e720 [INFO] ACCOUNT ID(3) IS ACTIVATED
2020-12-10 22:10:18 e720 [INFO] SERVER HAS STARTED
2020-12-10 22:10:59 e720 [DEBUG] EMP2 BBB HAS LOGGED IN
2020-12-10 22:12:50 e720 [INFO] SERVER HAS STARTED
2020-12-10 22:12:53 e720 [DEBUG] EMP2 BBB HAS LOGGED IN
2020-12-10 22:12:57 e720 [INFO] ACCOUNT ID(1) IS ACTIVATED
2020-12-10 22:12:57 e720 [INFO] ACCOUNT ID(2) IS ACTIVATED
2020-12-10 22:12:57 e720 [INFO] ACCOUNT ID(3) IS ACTIVATED
2020-12-10 22:16:08 e720 [INFO] SERVER HAS STARTED
2020-12-10 22:16:10 e720 [DEBUG] EMP2 BBB HAS LOGGED IN
2020-12-10 22:16:59 e720 [INFO] SERVER HAS STARTED
2020-12-10 22:17:02 e720 [DEBUG] EMP2 BBB HAS LOGGED IN
2020-12-10 22:17:09 e720 [INFO] ACCOUNT ID(1) IS ACTIVATED
2020-12-10 22:17:09 e720 [INFO] ACCOUNT ID(2) IS ACTIVATED
2020-12-10 22:17:09 e720 [INFO] ACCOUNT ID(3) IS ACTIVATED
2020-12-10 22:18:13 e720 [INFO] SERVER HAS STARTED
2020-12-10 22:18:16 e720 [DEBUG] EMP2 BBB HAS LOGGED IN
2020-12-10 22:18:23 e720 [INFO] ACCOUNT ID(1) IS ACTIVATED
2020-12-10 22:18:23 e720 [INFO] ACCOUNT ID(2) IS ACTIVATED
2020-12-10 22:18:23 e720 [INFO] ACCOUNT ID(3) IS ACTIVATED
2020-12-10 22:21:15 e720 [INFO] SERVER HAS STARTED
2020-12-10 22:21:18 e720 [DEBUG] EMP2 BBB HAS LOGGED IN
