2020-12-12 19:19:41 e720 [INFO] SERVER HAS STARTED
2020-12-12 19:20:18 e720 [INFO] SERVER HAS STARTED
2020-12-12 19:20:30 e720 [INFO] [com.revature.models.Customer@39ad977d, com.revature.models.Customer@6da00fb9, com.revature.models.Customer@a202ccb, com.revature.models.Customer@20f12539, com.revature.models.Customer@75b25825, com.revature.models.Customer@18025ced]
2020-12-12 19:20:31 e720 [DEBUG] NEW ACCOUNT CREATED[ACCOUNT ID:12, NAME:jin yeong, DEPOSIT:1000000.0
2020-12-12 19:22:14 e720 [DEBUG] EmpB BBB HAS LOGGED IN
2020-12-12 19:22:22 e720 [INFO] [com.revature.models.Customer@2974f221, com.revature.models.Customer@58fe0499, com.revature.models.Customer@686449f9, com.revature.models.Customer@665df3c6, com.revature.models.Customer@68b6f0d6, com.revature.models.Customer@4044fb95, com.revature.models.Customer@aa549e5]
2020-12-12 19:22:27 e720 [INFO] [com.revature.models.Customer@36f48b4, com.revature.models.Customer@5c00384f, com.revature.models.Customer@3b7ff809, com.revature.models.Customer@1bb564e2, com.revature.models.Customer@62e6b5c8, com.revature.models.Customer@3f792b9b, com.revature.models.Customer@7b8233cd]
2020-12-12 19:22:33 e720 [INFO] [com.revature.models.Customer@4b20ca2b, com.revature.models.Customer@1cbf6e72, com.revature.models.Customer@6aecbb8d, com.revature.models.Customer@1af146, com.revature.models.Customer@4da602fc]
2020-12-12 19:33:08 e720 [INFO] SERVER HAS STARTED
2020-12-12 19:33:49 e720 [DEBUG] EmpA AAA HAS LOGGED IN
2020-12-12 19:33:52 e720 [INFO] [com.revature.models.Customer@4c4748bf, com.revature.models.Customer@7ce97ee5, com.revature.models.Customer@32c8e539, com.revature.models.Customer@73dce0e6, com.revature.models.Customer@5a85c92]
2020-12-12 19:51:46 e720 [INFO] SERVER HAS STARTED
2020-12-12 19:51:51 e720 [DEBUG] EmpA AAA HAS LOGGED IN
2020-12-12 19:51:53 e720 [INFO] [com.revature.models.Customer@119020fb, com.revature.models.Customer@3d9f6567, com.revature.models.Customer@c055c54, com.revature.models.Customer@25e2ab5a, com.revature.models.Customer@35e5d0e5]
2020-12-12 19:52:00 e720 [INFO] ACCOUNT ID(2) IS ACTIVATED
2020-12-12 20:01:36 e720 [INFO] SERVER HAS STARTED
2020-12-12 20:02:45 e720 [INFO] SERVER HAS STARTED
2020-12-12 20:02:50 e720 [DEBUG] EmpA AAA HAS LOGGED IN
2020-12-12 20:02:59 e720 [INFO] [com.revature.models.Customer@20a14b55, com.revature.models.Customer@39ad977d, com.revature.models.Customer@6da00fb9, com.revature.models.Customer@a202ccb, com.revature.models.Customer@20f12539]
2020-12-12 20:03:04 e720 [INFO] ACCOUNT ID(2) IS ACTIVATED
2020-12-12 20:03:58 e720 [INFO] SERVER HAS STARTED
2020-12-12 20:04:01 e720 [DEBUG] EmpA AAA HAS LOGGED IN
2020-12-12 20:04:03 e720 [INFO] [com.revature.models.Customer@45905bff, com.revature.models.Customer@2a2c13a8, com.revature.models.Customer@b6b1987, com.revature.models.Customer@6b44435b, com.revature.models.Customer@2ccca26f]
2020-12-12 20:04:07 e720 [INFO] ACCOUNT ID(2) IS ACTIVATED
2020-12-12 20:04:44 e720 [INFO] [com.revature.models.Customer@18025ced, com.revature.models.Customer@13cf7d52, com.revature.models.Customer@3a3e4aff, com.revature.models.Customer@5d2a4eed]
2020-12-12 20:04:47 e720 [INFO] ACCOUNT ID(1) IS ACTIVATED
2020-12-12 20:04:47 e720 [INFO] ACCOUNT ID(9) IS ACTIVATED
2020-12-12 20:04:47 e720 [INFO] ACCOUNT ID(11) IS ACTIVATED
2020-12-12 20:04:47 e720 [INFO] ACCOUNT ID(12) IS ACTIVATED
2020-12-12 20:05:31 e720 [INFO] SERVER HAS STARTED
2020-12-12 20:05:39 e720 [DEBUG] EmpA AAA HAS LOGGED IN
2020-12-12 20:05:40 e720 [INFO] [com.revature.models.Customer@20a14b55, com.revature.models.Customer@39ad977d, com.revature.models.Customer@6da00fb9, com.revature.models.Customer@a202ccb, com.revature.models.Customer@20f12539, com.revature.models.Customer@75b25825, com.revature.models.Customer@18025ced]
2020-12-12 20:05:46 e720 [INFO] [com.revature.models.Customer@13cf7d52, com.revature.models.Customer@3a3e4aff, com.revature.models.Customer@5d2a4eed, com.revature.models.Customer@57459491]
2020-12-12 20:05:47 e720 [INFO] ACCOUNT ID(1) IS ACTIVATED
2020-12-12 20:05:47 e720 [INFO] ACCOUNT ID(1) IS ACTIVATED
2020-12-12 20:05:47 e720 [INFO] ACCOUNT ID(9) IS ACTIVATED
2020-12-12 20:05:47 e720 [INFO] ACCOUNT ID(9) IS ACTIVATED
2020-12-12 20:05:47 e720 [INFO] ACCOUNT ID(11) IS ACTIVATED
2020-12-12 20:05:47 e720 [INFO] ACCOUNT ID(11) IS ACTIVATED
2020-12-12 20:05:47 e720 [INFO] ACCOUNT ID(12) IS ACTIVATED
2020-12-12 20:05:47 e720 [INFO] ACCOUNT ID(12) IS ACTIVATED
2020-12-12 20:05:51 e720 [INFO] [com.revature.models.Customer@1a7288a3, com.revature.models.Customer@2974f221, com.revature.models.Customer@58fe0499, com.revature.models.Customer@686449f9, com.revature.models.Customer@665df3c6, com.revature.models.Customer@68b6f0d6, com.revature.models.Customer@4044fb95]
2020-12-12 20:13:19 e720 [INFO] SERVER HAS STARTED
2020-12-12 20:13:23 e720 [DEBUG] EmpA AAA HAS LOGGED IN
2020-12-12 20:14:12 e720 [INFO] SERVER HAS STARTED
2020-12-12 20:14:15 e720 [DEBUG] EmpA AAA HAS LOGGED IN
2020-12-12 20:14:36 e720 [INFO] SERVER HAS STARTED
2020-12-12 20:14:39 e720 [DEBUG] EmpA AAA HAS LOGGED IN
2020-12-12 20:15:24 e720 [INFO] SERVER HAS STARTED
2020-12-12 20:15:50 e720 [INFO] SERVER HAS STARTED
2020-12-12 20:15:53 e720 [DEBUG] EmpA AAA HAS LOGGED IN
2020-12-12 20:16:39 e720 [INFO] SERVER HAS STARTED
2020-12-12 20:16:42 e720 [DEBUG] EmpA AAA HAS LOGGED IN
2020-12-12 19:19:41 e720 [INFO] SERVER HAS STARTED
2020-12-12 19:20:18 e720 [INFO] SERVER HAS STARTED
2020-12-12 19:20:30 e720 [INFO] [com.revature.models.Customer@39ad977d, com.revature.models.Customer@6da00fb9, com.revature.models.Customer@a202ccb, com.revature.models.Customer@20f12539, com.revature.models.Customer@75b25825, com.revature.models.Customer@18025ced]
2020-12-12 19:20:31 e720 [DEBUG] NEW ACCOUNT CREATED[ACCOUNT ID:12, NAME:jin yeong, DEPOSIT:1000000.0
2020-12-12 19:22:14 e720 [DEBUG] EmpB BBB HAS LOGGED IN
2020-12-12 19:22:22 e720 [INFO] [com.revature.models.Customer@2974f221, com.revature.models.Customer@58fe0499, com.revature.models.Customer@686449f9, com.revature.models.Customer@665df3c6, com.revature.models.Customer@68b6f0d6, com.revature.models.Customer@4044fb95, com.revature.models.Customer@aa549e5]
2020-12-12 19:22:27 e720 [INFO] [com.revature.models.Customer@36f48b4, com.revature.models.Customer@5c00384f, com.revature.models.Customer@3b7ff809, com.revature.models.Customer@1bb564e2, com.revature.models.Customer@62e6b5c8, com.revature.models.Customer@3f792b9b, com.revature.models.Customer@7b8233cd]
2020-12-12 19:22:33 e720 [INFO] [com.revature.models.Customer@4b20ca2b, com.revature.models.Customer@1cbf6e72, com.revature.models.Customer@6aecbb8d, com.revature.models.Customer@1af146, com.revature.models.Customer@4da602fc]
2020-12-12 19:33:08 e720 [INFO] SERVER HAS STARTED
2020-12-12 19:33:49 e720 [DEBUG] EmpA AAA HAS LOGGED IN
2020-12-12 19:33:52 e720 [INFO] [com.revature.models.Customer@4c4748bf, com.revature.models.Customer@7ce97ee5, com.revature.models.Customer@32c8e539, com.revature.models.Customer@73dce0e6, com.revature.models.Customer@5a85c92]
2020-12-12 19:51:46 e720 [INFO] SERVER HAS STARTED
2020-12-12 19:51:51 e720 [DEBUG] EmpA AAA HAS LOGGED IN
2020-12-12 19:51:53 e720 [INFO] [com.revature.models.Customer@119020fb, com.revature.models.Customer@3d9f6567, com.revature.models.Customer@c055c54, com.revature.models.Customer@25e2ab5a, com.revature.models.Customer@35e5d0e5]
2020-12-12 19:52:00 e720 [INFO] ACCOUNT ID(2) IS ACTIVATED
2020-12-12 20:01:36 e720 [INFO] SERVER HAS STARTED
2020-12-12 20:02:45 e720 [INFO] SERVER HAS STARTED
2020-12-12 20:02:50 e720 [DEBUG] EmpA AAA HAS LOGGED IN
2020-12-12 20:02:59 e720 [INFO] [com.revature.models.Customer@20a14b55, com.revature.models.Customer@39ad977d, com.revature.models.Customer@6da00fb9, com.revature.models.Customer@a202ccb, com.revature.models.Customer@20f12539]
2020-12-12 20:03:04 e720 [INFO] ACCOUNT ID(2) IS ACTIVATED
2020-12-12 20:03:58 e720 [INFO] SERVER HAS STARTED
2020-12-12 20:04:01 e720 [DEBUG] EmpA AAA HAS LOGGED IN
2020-12-12 20:04:03 e720 [INFO] [com.revature.models.Customer@45905bff, com.revature.models.Customer@2a2c13a8, com.revature.models.Customer@b6b1987, com.revature.models.Customer@6b44435b, com.revature.models.Customer@2ccca26f]
2020-12-12 20:04:07 e720 [INFO] ACCOUNT ID(2) IS ACTIVATED
2020-12-12 20:04:44 e720 [INFO] [com.revature.models.Customer@18025ced, com.revature.models.Customer@13cf7d52, com.revature.models.Customer@3a3e4aff, com.revature.models.Customer@5d2a4eed]
2020-12-12 20:04:47 e720 [INFO] ACCOUNT ID(1) IS ACTIVATED
2020-12-12 20:04:47 e720 [INFO] ACCOUNT ID(9) IS ACTIVATED
2020-12-12 20:04:47 e720 [INFO] ACCOUNT ID(11) IS ACTIVATED
2020-12-12 20:04:47 e720 [INFO] ACCOUNT ID(12) IS ACTIVATED
2020-12-12 20:05:31 e720 [INFO] SERVER HAS STARTED
2020-12-12 20:05:39 e720 [DEBUG] EmpA AAA HAS LOGGED IN
2020-12-12 20:05:40 e720 [INFO] [com.revature.models.Customer@20a14b55, com.revature.models.Customer@39ad977d, com.revature.models.Customer@6da00fb9, com.revature.models.Customer@a202ccb, com.revature.models.Customer@20f12539, com.revature.models.Customer@75b25825, com.revature.models.Customer@18025ced]
2020-12-12 20:05:46 e720 [INFO] [com.revature.models.Customer@13cf7d52, com.revature.models.Customer@3a3e4aff, com.revature.models.Customer@5d2a4eed, com.revature.models.Customer@57459491]
2020-12-12 20:05:47 e720 [INFO] ACCOUNT ID(1) IS ACTIVATED
2020-12-12 20:05:47 e720 [INFO] ACCOUNT ID(1) IS ACTIVATED
2020-12-12 20:05:47 e720 [INFO] ACCOUNT ID(9) IS ACTIVATED
2020-12-12 20:05:47 e720 [INFO] ACCOUNT ID(9) IS ACTIVATED
2020-12-12 20:05:47 e720 [INFO] ACCOUNT ID(11) IS ACTIVATED
2020-12-12 20:05:47 e720 [INFO] ACCOUNT ID(11) IS ACTIVATED
2020-12-12 20:05:47 e720 [INFO] ACCOUNT ID(12) IS ACTIVATED
2020-12-12 20:05:47 e720 [INFO] ACCOUNT ID(12) IS ACTIVATED
2020-12-12 20:05:51 e720 [INFO] [com.revature.models.Customer@1a7288a3, com.revature.models.Customer@2974f221, com.revature.models.Customer@58fe0499, com.revature.models.Customer@686449f9, com.revature.models.Customer@665df3c6, com.revature.models.Customer@68b6f0d6, com.revature.models.Customer@4044fb95]
2020-12-12 20:13:19 e720 [INFO] SERVER HAS STARTED
2020-12-12 20:13:23 e720 [DEBUG] EmpA AAA HAS LOGGED IN
2020-12-12 20:14:12 e720 [INFO] SERVER HAS STARTED
2020-12-12 20:14:15 e720 [DEBUG] EmpA AAA HAS LOGGED IN
2020-12-12 20:14:36 e720 [INFO] SERVER HAS STARTED
2020-12-12 20:14:39 e720 [DEBUG] EmpA AAA HAS LOGGED IN
2020-12-12 20:15:24 e720 [INFO] SERVER HAS STARTED
2020-12-12 20:15:50 e720 [INFO] SERVER HAS STARTED
2020-12-12 20:15:53 e720 [DEBUG] EmpA AAA HAS LOGGED IN
2020-12-12 20:16:39 e720 [INFO] SERVER HAS STARTED
2020-12-12 20:16:42 e720 [DEBUG] EmpA AAA HAS LOGGED IN
2020-12-12 20:18:57 e720 [INFO] SERVER HAS STARTED
2020-12-12 20:19:14 e720 [DEBUG] EmpA AAA HAS LOGGED IN
2020-12-13 02:15:10 e720 [DEBUG] FINDING ACCOUNT IS FAILED
2020-12-13 02:16:20 e720 [DEBUG] FINDING ACCOUNT IS FAILED
2020-12-13 02:45:18 e720 [DEBUG] SERVER HAS STARTED
2020-12-13 02:45:32 e720 [DEBUG] ACCOUNT_CUSTPMER LISTS CANNOT BE CALLED
2020-12-13 02:45:32 e720 [INFO] []
2020-12-13 02:47:37 e720 [DEBUG] SERVER HAS STARTED
2020-12-13 02:48:01 e720 [DEBUG] ACCOUNT_CUSTPMER LISTS CANNOT BE CALLED
2020-12-13 02:48:01 e720 [INFO] []
2020-12-13 02:49:33 e720 [DEBUG] SERVER HAS STARTED
2020-12-13 02:49:40 e720 [DEBUG] ACCOUNT_CUSTPMER LISTS CANNOT BE CALLED
2020-12-13 02:49:40 e720 [INFO] []
2020-12-13 02:53:20 e720 [DEBUG] SERVER HAS STARTED
2020-12-13 02:53:26 e720 [INFO] [com.revature.models.Customer@14d14731, com.revature.models.Customer@2eced48b, com.revature.models.Customer@47c4ecdc, com.revature.models.Customer@42f33b5d, com.revature.models.Customer@5c8504fd, com.revature.models.Customer@4b7e96a]
2020-12-13 02:53:27 e720 [INFO] NEW ACCOUNT CREATED[ACCOUNT ID:12, NAME:22 22, DEPOSIT:22.0
2020-12-13 03:04:50 e720 [DEBUG] SERVER HAS STARTED
2020-12-13 03:05:08 e720 [DEBUG] SERVER HAS STARTED
2020-12-13 03:06:33 e720 [DEBUG] SERVER HAS STARTED
2020-12-13 03:06:50 e720 [DEBUG] FINDING ACCOUNT_CUSTOMER IS FAILED
2020-12-13 03:07:14 e720 [DEBUG] SERVER HAS STARTED
2020-12-13 03:07:17 e720 [DEBUG] FINDING ACCOUNT_CUSTOMER IS FAILED
2020-12-13 03:08:58 e720 [DEBUG] SERVER HAS STARTED
2020-12-13 03:09:01 e720 [DEBUG] FINDING ACCOUNT_CUSTOMER IS FAILED
2020-12-13 03:10:56 e720 [DEBUG] SERVER HAS STARTED
2020-12-13 03:13:11 e720 [DEBUG] SERVER HAS STARTED
2020-12-13 03:13:39 e720 [DEBUG] SERVER HAS STARTED
2020-12-13 03:15:49 e720 [DEBUG] SERVER HAS STARTED
2020-12-13 03:16:54 e720 [INFO] Cust5 555 HAS LOGGED IN
2020-12-13 03:17:42 e720 [INFO] Cust5 555 HAS DEPOSITED: $100.0
2020-12-13 03:17:59 e720 [INFO] Cust5 555 HAS WITHDRAWN: $200.0
2020-12-13 03:19:22 e720 [INFO] Cust5 555 HAS WITHDRAWN: $3.0
2020-12-13 03:22:06 e720 [DEBUG] SERVER HAS STARTED
2020-12-13 03:22:12 e720 [INFO] Cust5 555 HAS LOGGED IN
2020-12-13 03:22:30 e720 [INFO] Cust5 555 HAS WITHDRAWN: $100.0
2020-12-13 03:22:31 e720 [INFO] Sue shin HAS DEPOSITED: $100.0
2020-12-13 03:23:15 e720 [INFO] Cust5 555 HAS WITHDRAWN: $3.0
2020-12-13 03:24:03 e720 [DEBUG] SERVER HAS STARTED
2020-12-13 03:24:08 e720 [INFO] Cust5 555 HAS LOGGED IN
2020-12-13 03:24:14 e720 [INFO] Cust5 555 HAS WITHDRAWN: $3.0
2020-12-13 03:24:49 e720 [DEBUG] SERVER HAS STARTED
2020-12-13 03:25:14 e720 [INFO] Cust5 555 HAS LOGGED IN
2020-12-13 03:25:27 e720 [INFO] Cust5 555 HAS WITHDRAWN: $3.0
2020-12-13 03:29:07 e720 [DEBUG] SERVER HAS STARTED
2020-12-13 03:30:24 e720 [DEBUG] SERVER HAS STARTED
2020-12-13 03:32:41 e720 [DEBUG] SERVER HAS STARTED
2020-12-13 03:33:14 e720 [INFO] Sue shin HAS LOGGED IN
2020-12-13 03:33:26 e720 [INFO] Sue shin HAS DEPOSITED: $1000.0
2020-12-13 03:33:46 e720 [INFO] Sue shin HAS WITHDRAWN: $10000.0
2020-12-13 03:37:20 e720 [DEBUG] SERVER HAS STARTED
2020-12-13 03:37:26 e720 [INFO] Cust5 555 HAS LOGGED IN
2020-12-13 03:39:24 e720 [INFO] Cust5 555 HAS WITHDRAWN: $90.0
2020-12-13 03:39:24 e720 [INFO] Sue shin HAS DEPOSITED: $90.0
2020-12-13 03:40:40 e720 [INFO] EmpA AAA HAS LOGGED IN
2020-12-13 03:41:24 e720 [INFO] EmpA AAA HAS LOGGED IN
2020-12-13 03:41:26 e720 [INFO] [com.revature.models.Customer@5e81e5ac, com.revature.models.Customer@4189d70b, com.revature.models.Customer@3fa2213, com.revature.models.Customer@3e7634b9, com.revature.models.Customer@6f0b0a5e, com.revature.models.Customer@6035b93b, com.revature.models.Customer@320de594]
2020-12-13 03:42:20 e720 [DEBUG] SERVER HAS STARTED
2020-12-13 03:42:28 e720 [INFO] EmpA AAA HAS LOGGED IN
2020-12-13 03:42:31 e720 [INFO] [com.revature.models.Customer@20f12539, com.revature.models.Customer@75b25825, com.revature.models.Customer@18025ced, com.revature.models.Customer@13cf7d52, com.revature.models.Customer@3a3e4aff, com.revature.models.Customer@5d2a4eed, com.revature.models.Customer@57459491]
2020-12-13 03:42:37 e720 [DEBUG] ACCOUNT_ACTIVE_CUSTOMER LISTS CANNOT BE CALLED
2020-12-13 03:42:37 e720 [INFO] []
2020-12-13 03:43:06 e720 [DEBUG] SERVER HAS STARTED
2020-12-13 03:43:11 e720 [INFO] EmpA AAA HAS LOGGED IN
2020-12-13 03:43:16 e720 [INFO] [com.revature.models.Customer@20f12539, com.revature.models.Customer@75b25825, com.revature.models.Customer@18025ced, com.revature.models.Customer@13cf7d52, com.revature.models.Customer@3a3e4aff, com.revature.models.Customer@5d2a4eed, com.revature.models.Customer@57459491]
2020-12-13 03:43:18 e720 [DEBUG] ACCOUNT_ACTIVE_CUSTOMER LISTS CANNOT BE CALLED
2020-12-13 03:43:18 e720 [INFO] []
2020-12-13 03:43:56 e720 [DEBUG] SERVER HAS STARTED
2020-12-13 03:44:00 e720 [INFO] EmpA AAA HAS LOGGED IN
2020-12-13 03:44:02 e720 [INFO] [com.revature.models.Customer@20f12539, com.revature.models.Customer@75b25825]
2020-12-13 03:44:29 e720 [DEBUG] ACCOUNT_STATUS UPDATE IS FAILED
2020-12-13 03:44:29 e720 [INFO] ACCOUNT ID(1) IS ACTIVATED
2020-12-13 03:44:29 e720 [INFO] ACCOUNT ID(1) IS ACTIVATED
2020-12-13 03:44:29 e720 [DEBUG] ACCOUNT_STATUS UPDATE IS FAILED
2020-12-13 03:44:29 e720 [INFO] ACCOUNT ID(12) IS ACTIVATED
2020-12-13 03:44:29 e720 [INFO] ACCOUNT ID(12) IS ACTIVATED
2020-12-13 03:45:42 e720 [DEBUG] SERVER HAS STARTED
2020-12-13 03:45:47 e720 [INFO] EmpA AAA HAS LOGGED IN
2020-12-13 03:45:49 e720 [INFO] [com.revature.models.Customer@20f12539, com.revature.models.Customer@75b25825]
2020-12-13 03:45:52 e720 [INFO] ACCOUNT ID(1) IS ACTIVATED
2020-12-13 03:45:52 e720 [INFO] ACCOUNT ID(1) IS ACTIVATED
2020-12-13 03:45:52 e720 [INFO] ACCOUNT ID(12) IS ACTIVATED
2020-12-13 03:45:52 e720 [INFO] ACCOUNT ID(12) IS ACTIVATED
2020-12-13 03:48:05 e720 [INFO] [com.revature.models.Customer@6035b93b, com.revature.models.Customer@320de594, com.revature.models.Customer@3dd1dc90, com.revature.models.Customer@abf688e, com.revature.models.Customer@478ee483, com.revature.models.Customer@1a7288a3, com.revature.models.Customer@2974f221]
2020-12-13 03:50:34 e720 [DEBUG] SERVER HAS STARTED
2020-12-13 03:50:49 e720 [INFO] EmpA AAA HAS LOGGED IN
2020-12-13 03:50:51 e720 [INFO] [com.revature.models.Customer@20f12539, com.revature.models.Customer@75b25825]
2020-12-13 03:50:54 e720 [INFO] ACCOUNT ID(1) IS ACTIVATED
2020-12-13 03:50:54 e720 [INFO] ACCOUNT ID(1) IS ACTIVATED
2020-12-13 03:50:54 e720 [INFO] ACCOUNT ID(12) IS ACTIVATED
2020-12-13 03:50:54 e720 [INFO] ACCOUNT ID(12) IS ACTIVATED
2020-12-13 03:51:00 e720 [INFO] [com.revature.models.Customer@6035b93b, com.revature.models.Customer@320de594, com.revature.models.Customer@3dd1dc90, com.revature.models.Customer@abf688e, com.revature.models.Customer@478ee483, com.revature.models.Customer@1a7288a3, com.revature.models.Customer@2974f221]
2020-12-13 03:52:34 e720 [DEBUG] SERVER HAS STARTED
2020-12-13 03:52:38 e720 [INFO] EmpA AAA HAS LOGGED IN
2020-12-13 03:52:43 e720 [INFO] [com.revature.models.Customer@a202ccb, com.revature.models.Customer@20f12539]
2020-12-13 03:52:45 e720 [DEBUG] ACCOUNT_STATUS UPDATE IS FAILED
2020-12-13 03:52:45 e720 [INFO] ACCOUNT ID(12) IS ACTIVATED
2020-12-13 03:52:45 e720 [INFO] ACCOUNT ID(12) IS ACTIVATED
2020-12-13 03:52:45 e720 [DEBUG] ACCOUNT_STATUS UPDATE IS FAILED
2020-12-13 03:52:45 e720 [INFO] ACCOUNT ID(1) IS ACTIVATED
2020-12-13 03:52:45 e720 [INFO] ACCOUNT ID(1) IS ACTIVATED
2020-12-13 03:53:31 e720 [DEBUG] SERVER HAS STARTED
2020-12-13 03:53:34 e720 [INFO] EmpA AAA HAS LOGGED IN
2020-12-13 03:53:37 e720 [INFO] [com.revature.models.Customer@66b7550d, com.revature.models.Customer@3543df7d]
2020-12-13 03:53:39 e720 [DEBUG] ACCOUNT_STATUS UPDATE IS FAILED
2020-12-13 03:53:39 e720 [INFO] ACCOUNT ID(12) IS ACTIVATED
2020-12-13 03:53:39 e720 [INFO] ACCOUNT ID(12) IS ACTIVATED
2020-12-13 03:53:39 e720 [DEBUG] ACCOUNT_STATUS UPDATE IS FAILED
2020-12-13 03:53:39 e720 [INFO] ACCOUNT ID(1) IS ACTIVATED
2020-12-13 03:53:39 e720 [INFO] ACCOUNT ID(1) IS ACTIVATED
2020-12-13 03:54:15 e720 [DEBUG] SERVER HAS STARTED
2020-12-13 03:54:19 e720 [INFO] EmpA AAA HAS LOGGED IN
2020-12-13 03:54:21 e720 [INFO] [com.revature.models.Customer@20f12539, com.revature.models.Customer@75b25825]
2020-12-13 03:54:22 e720 [INFO] ACCOUNT ID(12) IS ACTIVATED
2020-12-13 03:54:22 e720 [INFO] ACCOUNT ID(12) IS ACTIVATED
2020-12-13 03:54:22 e720 [INFO] ACCOUNT ID(1) IS ACTIVATED
2020-12-13 03:54:22 e720 [INFO] ACCOUNT ID(1) IS ACTIVATED
2020-12-13 03:55:07 e720 [DEBUG] SERVER HAS STARTED
2020-12-13 03:55:13 e720 [INFO] EmpA AAA HAS LOGGED IN
2020-12-13 03:55:16 e720 [INFO] []
2020-12-13 03:55:41 e720 [INFO] [com.revature.models.Customer@20f12539, com.revature.models.Customer@75b25825]
2020-12-13 03:55:42 e720 [INFO] ACCOUNT ID(1) IS ACTIVATED
2020-12-13 03:55:42 e720 [INFO] ACCOUNT ID(1) IS ACTIVATED
2020-12-13 03:55:42 e720 [INFO] ACCOUNT ID(12) IS ACTIVATED
2020-12-13 03:55:42 e720 [INFO] ACCOUNT ID(12) IS ACTIVATED
2020-12-13 03:55:46 e720 [INFO] []
2020-12-13 03:56:23 e720 [INFO] ACCOUNT ID(12) IS ACTIVATED
2020-12-13 03:56:38 e720 [INFO] [com.revature.models.Customer@6035b93b, com.revature.models.Customer@320de594, com.revature.models.Customer@3dd1dc90, com.revature.models.Customer@abf688e, com.revature.models.Customer@478ee483, com.revature.models.Customer@1a7288a3, com.revature.models.Customer@2974f221]
2020-12-13 03:56:41 e720 [INFO] [com.revature.models.Customer@58fe0499]
2020-12-13 03:57:25 e720 [INFO] [com.revature.models.Customer@686449f9, com.revature.models.Customer@665df3c6, com.revature.models.Customer@68b6f0d6]
2020-12-13 03:57:47 e720 [INFO] ACCOUNT ID(1) IS ACTIVATED
2020-12-13 03:57:47 e720 [INFO] ACCOUNT ID(1) IS ACTIVATED
2020-12-13 03:57:52 e720 [INFO] ACCOUNT ID(12) IS ACTIVATED
2020-12-13 03:57:56 e720 [INFO] ACCOUNT ID(9) IS ACTIVATED
2020-12-13 03:57:56 e720 [INFO] ACCOUNT ID(9) IS ACTIVATED
2020-12-13 03:57:59 e720 [INFO] []
2020-12-13 03:58:09 e720 [INFO] [com.revature.models.Customer@4044fb95, com.revature.models.Customer@aa549e5, com.revature.models.Customer@36f48b4, com.revature.models.Customer@5c00384f, com.revature.models.Customer@3b7ff809, com.revature.models.Customer@1bb564e2, com.revature.models.Customer@62e6b5c8]
2020-12-13 04:01:09 e720 [DEBUG] SERVER HAS STARTED
2020-12-13 04:01:12 e720 [INFO] EmpA AAA HAS LOGGED IN
